No   Name  Rate    Error   
4    GLY   1.3755  0.0191  
5    SER   1.3255  0.0153  
6    MET   1.4118  0.0219  
7    ASP   1.3776  0.0256  
8    SER   1.3014  0.0176  
12   GLY   1.2175  0.0486  
13   TYR   1.1674  0.0313  
14   ARG   1.0747  0.0546  
15   ARG   1.2251  0.0568  
16   ASN   1.0887  0.0763  
17   VAL   1.1708  0.0465  
20   CYS   1.1152  0.0442  
21   LEU   1.0776  0.0611  
22   MET   1.1995  0.0392  
24   ASN   1.2750  0.0309  
25   ASP   1.1354  0.0183  
26   LYS   1.2241  0.0273  
27   LYS   1.1578  0.0255  
28   ILE   1.1208  0.0452  
29   PHE   1.1715  0.0498  
30   ALA   1.1263  0.0364  
32   SER   1.1006  0.0375  
33   ARG   1.1790  0.0444  
34   LEU   1.2508  0.0436  
35   ASP   1.2845  0.0639  
36   ILE   1.0847  0.0296  
38   ASP   1.1613  0.0312  
39   ALA   1.1953  0.0247  
40   TRP   1.1195  0.0399  
41   GLN   1.1397  0.0357  
42   MET   1.1877  0.0506  
45   GLY   1.1581  0.0465  
46   GLY   1.1942  0.0434  
47   ILE   1.0272  0.0432  
48   ASP   1.0182  0.0423  
49   GLU   1.1152  0.0169  
50   GLY   1.2009  0.0372  
51   GLU   1.1303  0.0171  
52   ASP   1.1934  0.0275  
55   ASN   1.1510  0.0279  
56   ALA   1.1839  0.0295  
58   ILE   1.1705  0.0364  
59   ARG   1.1787  0.0296  
60   GLU   1.2334  0.0431  
61   LEU   1.2323  0.0257  
62   ARG   1.1706  0.0308  
63   GLU   1.1600  0.0354  
64   GLU   1.1708  0.0403  
65   THR   1.1933  0.0555  
67   VAL   1.1558  0.0326  
68   THR   1.1866  0.0684  
69   SER   1.1289  0.0589  
70   ALA   1.1322  0.0156  
71   GLU   1.0392  0.0238  
72   VAL   1.0862  0.0198  
73   ILE   1.1369  0.0568  
74   ALA   1.1815  0.0254  
75   GLU   1.0901  0.0220  
76   VAL   1.1334  0.0378  
78   TYR   0.8777  0.0183  
79   TRP   1.1041  0.0482  
80   LEU   1.0826  0.0465  
81   THR   1.0639  0.0363  
83   ASP   1.2402  0.0463  
84   PHE   1.2439  0.0510  
87   LYS+  1.3331  0.0842  
88   VAL   1.3283  0.0549  
89   ARG+  1.3659  0.0339  
90   GLU-  1.3989  0.0347  
91   LYS+  1.3200  0.0354  
93   ASN   1.3381  0.0227  
95   GLN   1.4703  0.1843  
97   GLY   1.3863  0.0496  
98   SER   1.2899  0.0482  
100  TRP   1.2445  0.1370  
102  GLY   1.3430  0.0596  
104  ALA   1.1048  0.0596  
105  GLN   1.1343  0.0514  
106  LYS   1.2098  0.0605  
107  TRP   1.0948  0.0602  
108  PHE   1.1030  0.0396  
109  LEU   1.1542  0.0390  
110  PHE   1.2233  0.0512  
111  LYS   1.1426  0.0343  
112  PHE   1.1976  0.0405  
113  THR   1.1084  0.0385  
115  GLN   1.0615  0.0222  
116  ASP   1.0568  0.0241  
118  GLU   1.1582  0.0208  
120  ASN   1.0878  0.0352  
121  LEU   1.0627  0.0418  
122  LEU   1.1054  0.0233  
123  GLY   1.2193  0.0181  
125  GLY   1.2355  0.0164  
127  GLU   1.1532  0.0116  
128  LYS   1.1489  0.0163  
130  GLU   1.1119  0.0311  
131  PHE   1.2096  0.0354  
132  GLY   1.0563  0.0544  
133  GLU   1.0407  0.0248  
134  TRP   1.1053  0.0223  
135  SER   1.0712  0.0327  
137  VAL   1.1759  0.0401  
138  THR   1.1453  0.0261  
140  GLU   1.0760  0.0200  
142  LEU   1.1461  0.0303  
143  ILE   1.1240  0.0329  
146  THR   1.1695  0.0299  
148  GLU   1.3613  0.0319  
149  PHE   1.3587  0.0737  
150  LYS   1.1801  0.0499  
151  LYS   1.0866  0.0389  
153  VAL   1.1260  0.0440  
154  TYR   1.1218  0.0484  
155  LYS   1.1459  0.0302  
156  GLU   1.1669  0.0290  
157  VAL   1.2032  0.0314  
158  LEU   1.1569  0.0384  
159  SER   1.0632  0.0255  
160  VAL   1.1702  0.0294  
161  PHE   1.1198  0.0319  
162  ALA   1.0344  0.0219  
164  HIS   1.0952  0.0280  
165  LEU   1.0831  0.0265  
