This is TeX, Version 3.14159 (Web2C 7.4.5) (format=latex 2005.1.21)  14 OCT 2005 22:57
**relax.tex
(./relax.tex
LaTeX2e <2003/12/01>
Babel <v3.8c> and hyphenation patterns for american, french, german, ngerman, b
asque, italian, portuges, russian, spanish, nohyphenation, loaded.
(/usr/share/texmf/tex/latex/base/book.cls
Document Class: book 2004/02/16 v1.4f Standard LaTeX document class
(/usr/share/texmf/tex/latex/base/bk11.clo
File: bk11.clo 2004/02/16 v1.4f Standard LaTeX file (size option)
)
\c@part=\count79
\c@chapter=\count80
\c@section=\count81
\c@subsection=\count82
\c@subsubsection=\count83
\c@paragraph=\count84
\c@subparagraph=\count85
\c@figure=\count86
\c@table=\count87
\abovecaptionskip=\skip41
\belowcaptionskip=\skip42
\bibindent=\dimen102
)
(/usr/share/texmf/tex/latex/natbib/natbib.sty
Package: natbib 2000/07/24 7.0a (PWD)
\bibhang=\skip43
\bibsep=\skip44
LaTeX Info: Redefining \cite on input line 508.
\c@NAT@ctr=\count88
)
(/usr/share/texmf/tex/latex/misc/booktabs.sty
Package: booktabs 2000/08/16 v1.61 publication quality tables
\heavyrulewidth=\dimen103
\lightrulewidth=\dimen104
\cmidrulewidth=\dimen105
\belowrulesep=\dimen106
\belowbottomsep=\dimen107
\aboverulesep=\dimen108
\abovetopsep=\dimen109
\cmidrulesep=\dimen110
\cmidrulekern=\dimen111
\defaultaddspace=\dimen112
\@cmidrulewidth=\dimen113
\@cmidla=\count89
\@cmidlb=\count90
\@aboverulesep=\dimen114
\@belowrulesep=\dimen115
\@thisruleclass=\count91
\@lastruleclass=\count92
\@thisrulewidth=\dimen116
)
(/usr/share/texmf/tex/latex/misc/vmargin.sty
Package: vmargin 2000/08/01

Package: vmargin 2000/08/01 V2.3 (VK) set document margins
\PaperWidth=\dimen117
\PaperHeight=\dimen118
) (/usr/share/texmf/tex/latex/amsmath/amsmath.sty
Package: amsmath 2000/07/18 v2.13 AMS math features
\@mathmargin=\skip45

For additional information on amsmath, use the `?' option.
(/usr/share/texmf/tex/latex/amsmath/amstext.sty
Package: amstext 2000/06/29 v2.01

(/usr/share/texmf/tex/latex/amsmath/amsgen.sty
File: amsgen.sty 1999/11/30 v2.0
\@emptytoks=\toks14
\ex@=\dimen119
))
(/usr/share/texmf/tex/latex/amsmath/amsbsy.sty
Package: amsbsy 1999/11/29 v1.2d
\pmbraise@=\dimen120
)
(/usr/share/texmf/tex/latex/amsmath/amsopn.sty
Package: amsopn 1999/12/14 v2.01 operator names
)
\inf@bad=\count93
LaTeX Info: Redefining \frac on input line 211.
\uproot@=\count94
\leftroot@=\count95
LaTeX Info: Redefining \overline on input line 307.
\classnum@=\count96
\DOTSCASE@=\count97
LaTeX Info: Redefining \ldots on input line 379.
LaTeX Info: Redefining \dots on input line 382.
LaTeX Info: Redefining \cdots on input line 467.
\Mathstrutbox@=\box26
\strutbox@=\box27
\big@size=\dimen121
LaTeX Font Info:    Redeclaring font encoding OML on input line 567.
LaTeX Font Info:    Redeclaring font encoding OMS on input line 568.
\macc@depth=\count98
\c@MaxMatrixCols=\count99
\dotsspace@=\muskip10
\c@parentequation=\count100
\dspbrk@lvl=\count101
\tag@help=\toks15
\row@=\count102
\column@=\count103
\maxfields@=\count104
\andhelp@=\toks16
\eqnshift@=\dimen122
\alignsep@=\dimen123
\tagshift@=\dimen124
\tagwidth@=\dimen125
\totwidth@=\dimen126
\lineht@=\dimen127
\@envbody=\toks17
\multlinegap=\skip46
\multlinetaggap=\skip47
\mathdisplay@stack=\toks18
LaTeX Info: Redefining \[ on input line 2666.
LaTeX Info: Redefining \] on input line 2667.
)
(/usr/share/texmf/tex/latex/amsfonts/eufrak.sty
Package: eufrak 2001/10/01 v2.2e Euler Fraktur fonts
LaTeX Font Info:    Overwriting math alphabet `\EuFrak' in version `bold'
(Font)                  U/euf/m/n --> U/euf/b/n on input line 61.
) (./relax.aux)
\openout1 = `relax.aux'.

LaTeX Font Info:    Checking defaults for OML/cmm/m/it on input line 30.
LaTeX Font Info:    ... okay on input line 30.
LaTeX Font Info:    Checking defaults for T1/cmr/m/n on input line 30.
LaTeX Font Info:    ... okay on input line 30.
LaTeX Font Info:    Checking defaults for OT1/cmr/m/n on input line 30.
LaTeX Font Info:    ... okay on input line 30.
LaTeX Font Info:    Checking defaults for OMS/cmsy/m/n on input line 30.
LaTeX Font Info:    ... okay on input line 30.
LaTeX Font Info:    Checking defaults for OMX/cmex/m/n on input line 30.
LaTeX Font Info:    ... okay on input line 30.
LaTeX Font Info:    Checking defaults for U/cmr/m/n on input line 30.
LaTeX Font Info:    ... okay on input line 30.
 [1


] [2

]
(./relax.toc [3])
\tf@toc=\write3
\openout3 = `relax.toc'.

 [4]
Chapter 1.
[5

] (./docstring.tex [6] [7] [8] [9] [10] [11]
Underfull \hbox (badness 2027) in paragraph at lines 136--137
\OT1/cmss/bx/n/10.95 diffusion[]tensor.set\OT1/cmss/m/n/10.95 (self, run=None, 
params=None, time[]scale=1.0, d[]scale=1.0, an-
 []

LaTeX Font Info:    Try loading font information for U+euf on input line 160.
(/usr/share/texmf/tex/latex/amsfonts/ueuf.fd
File: ueuf.fd 2002/01/19 v2.2g AMS font definitions
)
LaTeX Font Info:    Try loading font information for OMS+cmr on input line 186.


(/usr/share/texmf/tex/latex/base/omscmr.fd
File: omscmr.fd 1999/05/25 v2.5h Standard LaTeX font definitions
)
LaTeX Font Info:    Font shape `OMS/cmr/m/n' in size <10.95> not available
(Font)              Font shape `OMS/cmsy/m/n' tried instead on input line 186.
 [12] [13]
Underfull \hbox (badness 10000) in paragraph at lines 266--267
[]\OT1/cmtt/m/n/9 relax> diffusion[]tensor(`axial', (1.698e-1, 1.417e-1, 67.174
, -83.718), param[]types=1,
 []


Underfull \hbox (badness 10000) in paragraph at lines 268--269
[]\OT1/cmtt/m/n/9 relax> diffusion[]tensor(`axial', (1.698e-1, 1.417e-1, 1.1724
, -1.4612), param[]types=1,
 []


Underfull \hbox (badness 10000) in paragraph at lines 274--275
[]\OT1/cmtt/m/n/9 relax> diffusion[]tensor(`m5', (1.340e7, 1.516e7, 1.691e7, -8
2.027, -80.573, 65.568),
 []

[14] [15] [16] [17] [18] [19] [20] [21]
Underfull \hbox (badness 10000) in paragraph at lines 556--557
\OT1/cmss/bx/n/10.95 grace.write\OT1/cmss/m/n/10.95 (self, run=None, x[]data[]t
ype=`res', y[]data[]type=None, res[]num=None,
 []

[22]
Overfull \hbox (149.20206pt too wide) in paragraph at lines 667--678
[]\OT1/cmr/m/n/10.95 | It-er-a-tion count | iter | `^[Ii]ter' | |[][][][][][][]
[][][][][][][][][][][][][][][][][]|[][][][][][][][][][][][][][]|[][][][][][][][
][][][][][][][][][][][][][][][][][][][][][][][][][][][][][][][][][][][][][][][]
[][][]|
 []


Underfull \hbox (badness 4120) in paragraph at lines 667--678
\OT1/cmr/m/n/10.95 | | | | | Func-tion call count | f[]count | `^[Ff].*[ -[]][C
c]ount' |
 []


Underfull \hbox (badness 10000) in paragraph at lines 667--678
\OT1/cmr/m/n/10.95 |[][][][][][][][][][][][][][][][][][][][][][][][]|[][][][][]
[][][][][][][][][]|[][][][][][][][][][][][][][][][][][][][][][][][][][][][][][]
[][][][][][][][][][][][][][][][][][][][]|
 []


Underfull \hbox (badness 3396) in paragraph at lines 667--678
\OT1/cmr/m/n/10.95 | | | | | Gra-di-ent call count | g[]count | `^[Gg].*[ -[]][
Cc]ount' |
 []


Underfull \hbox (badness 10000) in paragraph at lines 667--678
\OT1/cmr/m/n/10.95 |[][][][][][][][][][][][][][][][][][][][][][][][]|[][][][][]
[][][][][][][][][]|[][][][][][][][][][][][][][][][][][][][][][][][][][][][][][]
[][][][][][][][][][][][][][][][][][][][]|
 []


Underfull \hbox (badness 4132) in paragraph at lines 667--678
\OT1/cmr/m/n/10.95 | | | | | Hes-sian call count | h[]count | `^[Hh].*[ -[]][Cc
]ount' |
 []

[23]
Overfull \hbox (166.62067pt too wide) in paragraph at lines 696--722
[]\OT1/cmr/m/n/10.95 | Or-der pa-ram-e-ter $\OML/cmm/m/it/10.95 S[]$ \OT1/cmr/m
/n/10.95 | s2 | `^[Ss]2$' | |[][][][][][][][][][][][][][][][][][][][][][][][]|[
][][][][][][][][][][][][][]|[][][][][][][][][][][][][][][][][][][][][][][][][][
][][][][][][][][][][][][][][][][][][][][][][][][]|
 []


Underfull \hbox (badness 10000) in paragraph at lines 696--722
\OT1/cmr/m/n/10.95 | | | | | Or-der pa-ram-e-ter $\OML/cmm/m/it/10.95 S[]$ \OT1
/cmr/m/n/10.95 | s2f | `^[Ss]2f$' |
 []


Underfull \hbox (badness 10000) in paragraph at lines 696--722
\OT1/cmr/m/n/10.95 |[][][][][][][][][][][][][][][][][][][][][][][][]|[][][][][]
[][][][][][][][][]|[][][][][][][][][][][][][][][][][][][][][][][][][][][][][][]
[][][][][][][][][][][][][][][][][][][][]|
 []


Underfull \hbox (badness 10000) in paragraph at lines 696--722
\OT1/cmr/m/n/10.95 | | | | | Or-der pa-ram-e-ter $\OML/cmm/m/it/10.95 S[]$ \OT1
/cmr/m/n/10.95 | s2s | `^[Ss]2s$' |
 []


Underfull \hbox (badness 10000) in paragraph at lines 696--722
\OT1/cmr/m/n/10.95 |[][][][][][][][][][][][][][][][][][][][][][][][]|[][][][][]
[][][][][][][][][]|[][][][][][][][][][][][][][][][][][][][][][][][][][][][][][]
[][][][][][][][][][][][][][][][][][][][]|
 []


Underfull \hbox (badness 10000) in paragraph at lines 696--722
\OT1/cmr/m/n/10.95 | | | | | Cor-re-la-tion time $\OML/cmm/m/it/10.95 ^^\[]$ \O
T1/cmr/m/n/10.95 | $\OML/cmm/m/it/10.95 ^^\[]$ \OT1/cmr/m/n/10.95 | `^te$' |
 []


Underfull \hbox (badness 10000) in paragraph at lines 696--722
\OT1/cmr/m/n/10.95 |[][][][][][][][][][][][][][][][][][][][][][][][]|[][][][][]
[][][][][][][][][]|[][][][][][][][][][][][][][][][][][][][][][][][][][][][][][]
[][][][][][][][][][][][][][][][][][][][]|
 []


Underfull \hbox (badness 10000) in paragraph at lines 696--722
\OT1/cmr/m/n/10.95 | | | | | Cor-re-la-tion time $\OML/cmm/m/it/10.95 ^^\[]$ \O
T1/cmr/m/n/10.95 | $\OML/cmm/m/it/10.95 ^^\[]$ \OT1/cmr/m/n/10.95 | `^tf$' |
 []


Underfull \hbox (badness 10000) in paragraph at lines 696--722
\OT1/cmr/m/n/10.95 |[][][][][][][][][][][][][][][][][][][][][][][][]|[][][][][]
[][][][][][][][][]|[][][][][][][][][][][][][][][][][][][][][][][][][][][][][][]
[][][][][][][][][][][][][][][][][][][][]|
 []


Underfull \hbox (badness 10000) in paragraph at lines 696--722
\OT1/cmr/m/n/10.95 | | | | | Cor-re-la-tion time $\OML/cmm/m/it/10.95 ^^\[]$ \O
T1/cmr/m/n/10.95 | $\OML/cmm/m/it/10.95 ^^\[]$ \OT1/cmr/m/n/10.95 | `^ts$' |
 []


Underfull \hbox (badness 10000) in paragraph at lines 696--722
\OT1/cmr/m/n/10.95 |[][][][][][][][][][][][][][][][][][][][][][][][]|[][][][][]
[][][][][][][][][]|[][][][][][][][][][][][][][][][][][][][][][][][][][][][][][]
[][][][][][][][][][][][][][][][][][][][]| |
 []


Underfull \hbox (badness 10000) in paragraph at lines 696--722
\OT1/cmr/m/n/10.95 | |[][][][][][][][][][][][][][][][][][][][][][][][]|[][][][]
[][][][][][][][][][]|[][][][][][][][][][][][][][][][][][][][][][][][][][][][][]
[][][][][][][][][][][][][][][][][][][][][]|
 []


Underfull \hbox (badness 5490) in paragraph at lines 696--722
\OT1/cmr/m/n/10.95 | | | | | Bond length | $\OML/cmm/m/it/10.95 r$ \OT1/cmr/m/n
/10.95 | `^r$' or `[Bb]ond[ -[]][Ll]ength' |
 []


Underfull \hbox (badness 10000) in paragraph at lines 696--722
\OT1/cmr/m/n/10.95 |[][][][][][][][][][][][][][][][][][][][][][][][]|[][][][][]
[][][][][][][][][]|[][][][][][][][][][][][][][][][][][][][][][][][][][][][][][]
[][][][][][][][][][][][][][][][][][][][]|
 []


Underfull \hbox (badness 10000) in paragraph at lines 696--722
\OT1/cmr/m/n/10.95 | | | | | $\OML/cmm/m/it/10.95 CSA$ \OT1/cmr/m/n/10.95 | csa
 | `^[Cc][Ss][Aa]$' |
 []


Underfull \hbox (badness 10000) in paragraph at lines 740--751
[]\OT1/cmr/m/n/10.95 | J(wX) | jwx | `^[Jj]w[Xx]$' or `[Jj](w[Xx])' |
 []


Underfull \hbox (badness 10000) in paragraph at lines 740--751
\OT1/cmr/m/n/10.95 |[][][][][][][][][][][][][][][][][][][][][][][][]|[][][][][]
[][][][][][][][][]|[][][][][][][][][][][][][][][][][][][][][][][][][][][][][][]
[][][][][][][][][][][][][][][][][][][][]|
 []


Underfull \hbox (badness 10000) in paragraph at lines 740--751
\OT1/cmr/m/n/10.95 | | | | | J(wH) | jwh | `^[Jj]w[Hh]$' or `[Jj](w[Hh])' |
 []


Underfull \hbox (badness 10000) in paragraph at lines 740--751
\OT1/cmr/m/n/10.95 |[][][][][][][][][][][][][][][][][][][][][][][][]|[][][][][]
[][][][][][][][][]|[][][][][][][][][][][][][][][][][][][][][][][][][][][][][][]
[][][][][][][][][][][][][][][][][][][][]|
 []


Underfull \hbox (badness 5490) in paragraph at lines 740--751
\OT1/cmr/m/n/10.95 | | | | | Bond length | $\OML/cmm/m/it/10.95 r$ \OT1/cmr/m/n
/10.95 | `^r$' or `[Bb]ond[ -[]][Ll]ength' |
 []


Underfull \hbox (badness 10000) in paragraph at lines 740--751
\OT1/cmr/m/n/10.95 |[][][][][][][][][][][][][][][][][][][][][][][][]|[][][][][]
[][][][][][][][][]|[][][][][][][][][][][][][][][][][][][][][][][][][][][][][][]
[][][][][][][][][][][][][][][][][][][][]|
 []


Underfull \hbox (badness 10000) in paragraph at lines 740--751
\OT1/cmr/m/n/10.95 | | | | | $\OML/cmm/m/it/10.95 CSA$ \OT1/cmr/m/n/10.95 | csa
 | `^[Cc][Ss][Aa]$' |
 []

[24]
Underfull \hbox (badness 10000) in paragraph at lines 769--774
[]\OT1/cmr/m/n/10.95 | Sat-u-rated in-ten-sity | sat | `^[Ss]at$' or `[Ss]at[ -
[]][Ii]nt' |
 []


Underfull \hbox (badness 10000) in paragraph at lines 769--774
\OT1/cmr/m/n/10.95 |[][][][][][][][][][][][][][][][][][][][][][][][]|[][][][][]
[][][][][][][][][]|[][][][][][][][][][][][][][][][][][][][][][][][][][][][][][]
[][][][][][][][][][][][][][][][][][][][]|
 []


Underfull \hbox (badness 10000) in paragraph at lines 769--774
\OT1/cmr/m/n/10.95 | | | | | NOE | noe | `^[Nn][Oo][Ee]$' |
 []

[25] [26] [27] [28] [29] [30] [31] [32] [33]
Underfull \hbox (badness 10000) in paragraph at lines 1141--1154
[]\OT1/cmr/m/n/10.95 | No-cedal and Wright in-ter-po-la-tion | `^[Nn][Ww][Ii]' 
or |
 []


Underfull \hbox (badness 10000) in paragraph at lines 1141--1154
\OT1/cmr/m/n/10.95 | based line search | `^[Nn]ocedal[ []][Ww]right[ []][Ii]nt'
 |
 []


Underfull \hbox (badness 10000) in paragraph at lines 1141--1154
\OT1/cmr/m/n/10.95 |[][][][][][][][][][][][][][][][][][][][][][][][][][][][][][
][][][][][]|[][][][][][][][][][][][][][][][][][][][][][][][][][][][][][][][][][
][][][][][][][][][][][][][][][][][][][]|
 []


Underfull \hbox (badness 6910) in paragraph at lines 1141--1154
\OT1/cmr/m/n/10.95 | | | | No-cedal and Wright line search | `^[Nn][Ww][Ww]' or
 |
 []


Underfull \hbox (badness 10000) in paragraph at lines 1141--1154
\OT1/cmr/m/n/10.95 | for the Wolfe con-di-tions | `^[Nn]ocedal[ []][Ww]right[ [
]][Ww]olfe' |
 []


Underfull \hbox (badness 10000) in paragraph at lines 1141--1154
\OT1/cmr/m/n/10.95 |[][][][][][][][][][][][][][][][][][][][][][][][][][][][][][
][][][][][]|[][][][][][][][][][][][][][][][][][][][][][][][][][][][][][][][][][
][][][][][][][][][][][][][][][][][][][]| | |
 []


Overfull \hbox (116.35196pt too wide) in paragraph at lines 1141--1154
\OT1/cmr/m/n/10.95 | No line search | `^[Nn]one$' | |[][][][][][][][][][][][][]
[][][][][][][][][][][][][][][][][][][][][][]|[][][][][][][][][][][][][][][][][]
[][][][][][][][][][][][][][][][][][][][][][][][][][][][][][][][][][][][]| 
 []

[34]
Overfull \hbox (159.75662pt too wide) in paragraph at lines 1170--1184
[]\OT1/cmr/m/n/10.95 | Eigen-value mod-i-fi-ca-tion | `^[Ee]igen' | |[][][][][]
[][][][][][][][][][][][][][][][][][][][][][][][][][][][][][]|[][][][][][][][][]
[][][][][][][][][][][][][][][][][][][][][][][][][][][][][][][][][][][][][][][][
][][][][]|
 []


Underfull \hbox (badness 10000) in paragraph at lines 1170--1184
\OT1/cmr/m/n/10.95 | | |[][][][][][][][][][][][][][][][][][][][][][][][][][][][
][][][][][][][]|[][][][][][][][][][][][][][][][][][][][][][][][][][][][][][][][
][][][][][][][][][][][][][][][][][][][][][]|
 []

[35] [36] [37]
Underfull \hbox (badness 10000) in paragraph at lines 1314--1315
[]\OT1/cmtt/m/n/9 relax> model[]free.create[]model(`test', `large[]model', `mf[
]ext', [`S2f', `tf', `S2', `ts',
 []

[38] [39] [40] [41] [42] [43]
Underfull \hbox (badness 10000) in paragraph at lines 1573--1574
[]\OT1/cmtt/m/n/9 relax> model[]selection(method=`AIC', modsel[]run=`mixed', ru
ns=[`m1', `m2', `m3', `m4',
 []

[44] [45] [46] [47] [48] [49] [50] [51] [52] [53] [54] [55] [56] [57] [58]
[59]
Underfull \hbox (badness 10000) in paragraph at lines 2206--2207
\OT1/cmss/bx/n/10.95 noe.error\OT1/cmss/m/n/10.95 (self, run=None, er-ror=0.0, 
spec-trum[]type=None, res[]num=None,
 []

[60] [61] [62] [63]
Underfull \hbox (badness 10000) in paragraph at lines 2340--2341
\OT1/cmss/bx/n/10.95 palmer.create\OT1/cmss/m/n/10.95 (self, run=None, dir=None
, force=0, diff[]search=`none', sims=0,
 []

[64] [65] [66]
Underfull \hbox (badness 1158) in paragraph at lines 2431--2432
\OT1/cmss/bx/n/10.95 pdb\OT1/cmss/m/n/10.95 (self, run=None, file=None, dir=Non
e, model=None, het-eronuc=`N', pro-ton=`H',
 []

[67] [68] [69] [70] [71] [72] [73] [74] [75] [76] [77] [78] [79] [80] [81]
[82] [83] [84] [85] [86] [87] [88] [89] [90] [91] [92] [93] [94] [95] [96]
[97] [98] [99] [100] [101]
Overfull \hbox (166.62067pt too wide) in paragraph at lines 3709--3735
[]\OT1/cmr/m/n/10.95 | Or-der pa-ram-e-ter $\OML/cmm/m/it/10.95 S[]$ \OT1/cmr/m
/n/10.95 | s2 | `^[Ss]2$' | |[][][][][][][][][][][][][][][][][][][][][][][][]|[
][][][][][][][][][][][][][]|[][][][][][][][][][][][][][][][][][][][][][][][][][
][][][][][][][][][][][][][][][][][][][][][][][][]|
 []


Underfull \hbox (badness 10000) in paragraph at lines 3709--3735
\OT1/cmr/m/n/10.95 | | | | | Or-der pa-ram-e-ter $\OML/cmm/m/it/10.95 S[]$ \OT1
/cmr/m/n/10.95 | s2f | `^[Ss]2f$' |
 []


Underfull \hbox (badness 10000) in paragraph at lines 3709--3735
\OT1/cmr/m/n/10.95 |[][][][][][][][][][][][][][][][][][][][][][][][]|[][][][][]
[][][][][][][][][]|[][][][][][][][][][][][][][][][][][][][][][][][][][][][][][]
[][][][][][][][][][][][][][][][][][][][]|
 []


Underfull \hbox (badness 10000) in paragraph at lines 3709--3735
\OT1/cmr/m/n/10.95 | | | | | Or-der pa-ram-e-ter $\OML/cmm/m/it/10.95 S[]$ \OT1
/cmr/m/n/10.95 | s2s | `^[Ss]2s$' |
 []


Underfull \hbox (badness 10000) in paragraph at lines 3709--3735
\OT1/cmr/m/n/10.95 |[][][][][][][][][][][][][][][][][][][][][][][][]|[][][][][]
[][][][][][][][][]|[][][][][][][][][][][][][][][][][][][][][][][][][][][][][][]
[][][][][][][][][][][][][][][][][][][][]|
 []


Underfull \hbox (badness 10000) in paragraph at lines 3709--3735
\OT1/cmr/m/n/10.95 | | | | | Cor-re-la-tion time $\OML/cmm/m/it/10.95 ^^\[]$ \O
T1/cmr/m/n/10.95 | $\OML/cmm/m/it/10.95 ^^\[]$ \OT1/cmr/m/n/10.95 | `^te$' |
 []


Underfull \hbox (badness 10000) in paragraph at lines 3709--3735
\OT1/cmr/m/n/10.95 |[][][][][][][][][][][][][][][][][][][][][][][][]|[][][][][]
[][][][][][][][][]|[][][][][][][][][][][][][][][][][][][][][][][][][][][][][][]
[][][][][][][][][][][][][][][][][][][][]|
 []


Underfull \hbox (badness 10000) in paragraph at lines 3709--3735
\OT1/cmr/m/n/10.95 | | | | | Cor-re-la-tion time $\OML/cmm/m/it/10.95 ^^\[]$ \O
T1/cmr/m/n/10.95 | $\OML/cmm/m/it/10.95 ^^\[]$ \OT1/cmr/m/n/10.95 | `^tf$' |
 []


Underfull \hbox (badness 10000) in paragraph at lines 3709--3735
\OT1/cmr/m/n/10.95 |[][][][][][][][][][][][][][][][][][][][][][][][]|[][][][][]
[][][][][][][][][]|[][][][][][][][][][][][][][][][][][][][][][][][][][][][][][]
[][][][][][][][][][][][][][][][][][][][]|
 []


Underfull \hbox (badness 10000) in paragraph at lines 3709--3735
\OT1/cmr/m/n/10.95 | | | | | Cor-re-la-tion time $\OML/cmm/m/it/10.95 ^^\[]$ \O
T1/cmr/m/n/10.95 | $\OML/cmm/m/it/10.95 ^^\[]$ \OT1/cmr/m/n/10.95 | `^ts$' |
 []


Underfull \hbox (badness 10000) in paragraph at lines 3709--3735
\OT1/cmr/m/n/10.95 |[][][][][][][][][][][][][][][][][][][][][][][][]|[][][][][]
[][][][][][][][][]|[][][][][][][][][][][][][][][][][][][][][][][][][][][][][][]
[][][][][][][][][][][][][][][][][][][][]| |
 []


Underfull \hbox (badness 10000) in paragraph at lines 3709--3735
\OT1/cmr/m/n/10.95 | |[][][][][][][][][][][][][][][][][][][][][][][][]|[][][][]
[][][][][][][][][][]|[][][][][][][][][][][][][][][][][][][][][][][][][][][][][]
[][][][][][][][][][][][][][][][][][][][][]|
 []


Underfull \hbox (badness 5490) in paragraph at lines 3709--3735
\OT1/cmr/m/n/10.95 | | | | | Bond length | $\OML/cmm/m/it/10.95 r$ \OT1/cmr/m/n
/10.95 | `^r$' or `[Bb]ond[ -[]][Ll]ength' |
 []


Underfull \hbox (badness 10000) in paragraph at lines 3709--3735
\OT1/cmr/m/n/10.95 |[][][][][][][][][][][][][][][][][][][][][][][][]|[][][][][]
[][][][][][][][][]|[][][][][][][][][][][][][][][][][][][][][][][][][][][][][][]
[][][][][][][][][][][][][][][][][][][][]|
 []


Underfull \hbox (badness 10000) in paragraph at lines 3709--3735
\OT1/cmr/m/n/10.95 | | | | | $\OML/cmm/m/it/10.95 CSA$ \OT1/cmr/m/n/10.95 | csa
 | `^[Cc][Ss][Aa]$' |
 []

[102]
Underfull \hbox (badness 10000) in paragraph at lines 3771--3782
[]\OT1/cmr/m/n/10.95 | J(wX) | jwx | `^[Jj]w[Xx]$' or `[Jj](w[Xx])' |
 []


Underfull \hbox (badness 10000) in paragraph at lines 3771--3782
\OT1/cmr/m/n/10.95 |[][][][][][][][][][][][][][][][][][][][][][][][]|[][][][][]
[][][][][][][][][]|[][][][][][][][][][][][][][][][][][][][][][][][][][][][][][]
[][][][][][][][][][][][][][][][][][][][]|
 []


Underfull \hbox (badness 10000) in paragraph at lines 3771--3782
\OT1/cmr/m/n/10.95 | | | | | J(wH) | jwh | `^[Jj]w[Hh]$' or `[Jj](w[Hh])' |
 []


Underfull \hbox (badness 10000) in paragraph at lines 3771--3782
\OT1/cmr/m/n/10.95 |[][][][][][][][][][][][][][][][][][][][][][][][]|[][][][][]
[][][][][][][][][]|[][][][][][][][][][][][][][][][][][][][][][][][][][][][][][]
[][][][][][][][][][][][][][][][][][][][]|
 []


Underfull \hbox (badness 5490) in paragraph at lines 3771--3782
\OT1/cmr/m/n/10.95 | | | | | Bond length | $\OML/cmm/m/it/10.95 r$ \OT1/cmr/m/n
/10.95 | `^r$' or `[Bb]ond[ -[]][Ll]ength' |
 []


Underfull \hbox (badness 10000) in paragraph at lines 3771--3782
\OT1/cmr/m/n/10.95 |[][][][][][][][][][][][][][][][][][][][][][][][]|[][][][][]
[][][][][][][][][]|[][][][][][][][][][][][][][][][][][][][][][][][][][][][][][]
[][][][][][][][][][][][][][][][][][][][]|
 []


Underfull \hbox (badness 10000) in paragraph at lines 3771--3782
\OT1/cmr/m/n/10.95 | | | | | $\OML/cmm/m/it/10.95 CSA$ \OT1/cmr/m/n/10.95 | csa
 | `^[Cc][Ss][Aa]$' |
 []

[103] [104]
Overfull \hbox (166.62067pt too wide) in paragraph at lines 3867--3893
[]\OT1/cmr/m/n/10.95 | Or-der pa-ram-e-ter $\OML/cmm/m/it/10.95 S[]$ \OT1/cmr/m
/n/10.95 | s2 | `^[Ss]2$' | |[][][][][][][][][][][][][][][][][][][][][][][][]|[
][][][][][][][][][][][][][]|[][][][][][][][][][][][][][][][][][][][][][][][][][
][][][][][][][][][][][][][][][][][][][][][][][][]|
 []


Underfull \hbox (badness 10000) in paragraph at lines 3867--3893
\OT1/cmr/m/n/10.95 | | | | | Or-der pa-ram-e-ter $\OML/cmm/m/it/10.95 S[]$ \OT1
/cmr/m/n/10.95 | s2f | `^[Ss]2f$' |
 []


Underfull \hbox (badness 10000) in paragraph at lines 3867--3893
\OT1/cmr/m/n/10.95 |[][][][][][][][][][][][][][][][][][][][][][][][]|[][][][][]
[][][][][][][][][]|[][][][][][][][][][][][][][][][][][][][][][][][][][][][][][]
[][][][][][][][][][][][][][][][][][][][]|
 []


Underfull \hbox (badness 10000) in paragraph at lines 3867--3893
\OT1/cmr/m/n/10.95 | | | | | Or-der pa-ram-e-ter $\OML/cmm/m/it/10.95 S[]$ \OT1
/cmr/m/n/10.95 | s2s | `^[Ss]2s$' |
 []


Underfull \hbox (badness 10000) in paragraph at lines 3867--3893
\OT1/cmr/m/n/10.95 |[][][][][][][][][][][][][][][][][][][][][][][][]|[][][][][]
[][][][][][][][][]|[][][][][][][][][][][][][][][][][][][][][][][][][][][][][][]
[][][][][][][][][][][][][][][][][][][][]|
 []


Underfull \hbox (badness 10000) in paragraph at lines 3867--3893
\OT1/cmr/m/n/10.95 | | | | | Cor-re-la-tion time $\OML/cmm/m/it/10.95 ^^\[]$ \O
T1/cmr/m/n/10.95 | $\OML/cmm/m/it/10.95 ^^\[]$ \OT1/cmr/m/n/10.95 | `^te$' |
 []


Underfull \hbox (badness 10000) in paragraph at lines 3867--3893
\OT1/cmr/m/n/10.95 |[][][][][][][][][][][][][][][][][][][][][][][][]|[][][][][]
[][][][][][][][][]|[][][][][][][][][][][][][][][][][][][][][][][][][][][][][][]
[][][][][][][][][][][][][][][][][][][][]|
 []


Underfull \hbox (badness 10000) in paragraph at lines 3867--3893
\OT1/cmr/m/n/10.95 | | | | | Cor-re-la-tion time $\OML/cmm/m/it/10.95 ^^\[]$ \O
T1/cmr/m/n/10.95 | $\OML/cmm/m/it/10.95 ^^\[]$ \OT1/cmr/m/n/10.95 | `^tf$' |
 []


Underfull \hbox (badness 10000) in paragraph at lines 3867--3893
\OT1/cmr/m/n/10.95 |[][][][][][][][][][][][][][][][][][][][][][][][]|[][][][][]
[][][][][][][][][]|[][][][][][][][][][][][][][][][][][][][][][][][][][][][][][]
[][][][][][][][][][][][][][][][][][][][]|
 []


Underfull \hbox (badness 10000) in paragraph at lines 3867--3893
\OT1/cmr/m/n/10.95 | | | | | Cor-re-la-tion time $\OML/cmm/m/it/10.95 ^^\[]$ \O
T1/cmr/m/n/10.95 | $\OML/cmm/m/it/10.95 ^^\[]$ \OT1/cmr/m/n/10.95 | `^ts$' |
 []


Underfull \hbox (badness 10000) in paragraph at lines 3867--3893
\OT1/cmr/m/n/10.95 |[][][][][][][][][][][][][][][][][][][][][][][][]|[][][][][]
[][][][][][][][][]|[][][][][][][][][][][][][][][][][][][][][][][][][][][][][][]
[][][][][][][][][][][][][][][][][][][][]| |
 []


Underfull \hbox (badness 10000) in paragraph at lines 3867--3893
\OT1/cmr/m/n/10.95 | |[][][][][][][][][][][][][][][][][][][][][][][][]|[][][][]
[][][][][][][][][][]|[][][][][][][][][][][][][][][][][][][][][][][][][][][][][]
[][][][][][][][][][][][][][][][][][][][][]|
 []


Underfull \hbox (badness 5490) in paragraph at lines 3867--3893
\OT1/cmr/m/n/10.95 | | | | | Bond length | $\OML/cmm/m/it/10.95 r$ \OT1/cmr/m/n
/10.95 | `^r$' or `[Bb]ond[ -[]][Ll]ength' |
 []


Underfull \hbox (badness 10000) in paragraph at lines 3867--3893
\OT1/cmr/m/n/10.95 |[][][][][][][][][][][][][][][][][][][][][][][][]|[][][][][]
[][][][][][][][][]|[][][][][][][][][][][][][][][][][][][][][][][][][][][][][][]
[][][][][][][][][][][][][][][][][][][][]|
 []


Underfull \hbox (badness 10000) in paragraph at lines 3867--3893
\OT1/cmr/m/n/10.95 | | | | | $\OML/cmm/m/it/10.95 CSA$ \OT1/cmr/m/n/10.95 | csa
 | `^[Cc][Ss][Aa]$' |
 []


Underfull \hbox (badness 10000) in paragraph at lines 3911--3922
[]\OT1/cmr/m/n/10.95 | J(wX) | jwx | `^[Jj]w[Xx]$' or `[Jj](w[Xx])' |
 []


Underfull \hbox (badness 10000) in paragraph at lines 3911--3922
\OT1/cmr/m/n/10.95 |[][][][][][][][][][][][][][][][][][][][][][][][]|[][][][][]
[][][][][][][][][]|[][][][][][][][][][][][][][][][][][][][][][][][][][][][][][]
[][][][][][][][][][][][][][][][][][][][]|
 []


Underfull \hbox (badness 10000) in paragraph at lines 3911--3922
\OT1/cmr/m/n/10.95 | | | | | J(wH) | jwh | `^[Jj]w[Hh]$' or `[Jj](w[Hh])' |
 []


Underfull \hbox (badness 10000) in paragraph at lines 3911--3922
\OT1/cmr/m/n/10.95 |[][][][][][][][][][][][][][][][][][][][][][][][]|[][][][][]
[][][][][][][][][]|[][][][][][][][][][][][][][][][][][][][][][][][][][][][][][]
[][][][][][][][][][][][][][][][][][][][]|
 []


Underfull \hbox (badness 5490) in paragraph at lines 3911--3922
\OT1/cmr/m/n/10.95 | | | | | Bond length | $\OML/cmm/m/it/10.95 r$ \OT1/cmr/m/n
/10.95 | `^r$' or `[Bb]ond[ -[]][Ll]ength' |
 []


Underfull \hbox (badness 10000) in paragraph at lines 3911--3922
\OT1/cmr/m/n/10.95 |[][][][][][][][][][][][][][][][][][][][][][][][]|[][][][][]
[][][][][][][][][]|[][][][][][][][][][][][][][][][][][][][][][][][][][][][][][]
[][][][][][][][][][][][][][][][][][][][]|
 []


Underfull \hbox (badness 10000) in paragraph at lines 3911--3922
\OT1/cmr/m/n/10.95 | | | | | $\OML/cmm/m/it/10.95 CSA$ \OT1/cmr/m/n/10.95 | csa
 | `^[Cc][Ss][Aa]$' |
 []

[105]
Underfull \hbox (badness 6493) in paragraph at lines 3935--3936
\OT1/cmss/bx/n/10.95 value.read\OT1/cmss/m/n/10.95 (self, run=None, data[]type=
None, file=None, num[]col=0, name[]col=1,
 []

[106]
Overfull \hbox (166.62067pt too wide) in paragraph at lines 4016--4042
[]\OT1/cmr/m/n/10.95 | Or-der pa-ram-e-ter $\OML/cmm/m/it/10.95 S[]$ \OT1/cmr/m
/n/10.95 | s2 | `^[Ss]2$' | |[][][][][][][][][][][][][][][][][][][][][][][][]|[
][][][][][][][][][][][][][]|[][][][][][][][][][][][][][][][][][][][][][][][][][
][][][][][][][][][][][][][][][][][][][][][][][][]|
 []


Underfull \hbox (badness 10000) in paragraph at lines 4016--4042
\OT1/cmr/m/n/10.95 | | | | | Or-der pa-ram-e-ter $\OML/cmm/m/it/10.95 S[]$ \OT1
/cmr/m/n/10.95 | s2f | `^[Ss]2f$' |
 []


Underfull \hbox (badness 10000) in paragraph at lines 4016--4042
\OT1/cmr/m/n/10.95 |[][][][][][][][][][][][][][][][][][][][][][][][]|[][][][][]
[][][][][][][][][]|[][][][][][][][][][][][][][][][][][][][][][][][][][][][][][]
[][][][][][][][][][][][][][][][][][][][]|
 []


Underfull \hbox (badness 10000) in paragraph at lines 4016--4042
\OT1/cmr/m/n/10.95 | | | | | Or-der pa-ram-e-ter $\OML/cmm/m/it/10.95 S[]$ \OT1
/cmr/m/n/10.95 | s2s | `^[Ss]2s$' |
 []


Underfull \hbox (badness 10000) in paragraph at lines 4016--4042
\OT1/cmr/m/n/10.95 |[][][][][][][][][][][][][][][][][][][][][][][][]|[][][][][]
[][][][][][][][][]|[][][][][][][][][][][][][][][][][][][][][][][][][][][][][][]
[][][][][][][][][][][][][][][][][][][][]|
 []


Underfull \hbox (badness 10000) in paragraph at lines 4016--4042
\OT1/cmr/m/n/10.95 | | | | | Cor-re-la-tion time $\OML/cmm/m/it/10.95 ^^\[]$ \O
T1/cmr/m/n/10.95 | $\OML/cmm/m/it/10.95 ^^\[]$ \OT1/cmr/m/n/10.95 | `^te$' |
 []


Underfull \hbox (badness 10000) in paragraph at lines 4016--4042
\OT1/cmr/m/n/10.95 |[][][][][][][][][][][][][][][][][][][][][][][][]|[][][][][]
[][][][][][][][][]|[][][][][][][][][][][][][][][][][][][][][][][][][][][][][][]
[][][][][][][][][][][][][][][][][][][][]|
 []


Underfull \hbox (badness 10000) in paragraph at lines 4016--4042
\OT1/cmr/m/n/10.95 | | | | | Cor-re-la-tion time $\OML/cmm/m/it/10.95 ^^\[]$ \O
T1/cmr/m/n/10.95 | $\OML/cmm/m/it/10.95 ^^\[]$ \OT1/cmr/m/n/10.95 | `^tf$' |
 []


Underfull \hbox (badness 10000) in paragraph at lines 4016--4042
\OT1/cmr/m/n/10.95 |[][][][][][][][][][][][][][][][][][][][][][][][]|[][][][][]
[][][][][][][][][]|[][][][][][][][][][][][][][][][][][][][][][][][][][][][][][]
[][][][][][][][][][][][][][][][][][][][]|
 []


Underfull \hbox (badness 10000) in paragraph at lines 4016--4042
\OT1/cmr/m/n/10.95 | | | | | Cor-re-la-tion time $\OML/cmm/m/it/10.95 ^^\[]$ \O
T1/cmr/m/n/10.95 | $\OML/cmm/m/it/10.95 ^^\[]$ \OT1/cmr/m/n/10.95 | `^ts$' |
 []


Underfull \hbox (badness 10000) in paragraph at lines 4016--4042
\OT1/cmr/m/n/10.95 |[][][][][][][][][][][][][][][][][][][][][][][][]|[][][][][]
[][][][][][][][][]|[][][][][][][][][][][][][][][][][][][][][][][][][][][][][][]
[][][][][][][][][][][][][][][][][][][][]| |
 []


Underfull \hbox (badness 10000) in paragraph at lines 4016--4042
\OT1/cmr/m/n/10.95 | |[][][][][][][][][][][][][][][][][][][][][][][][]|[][][][]
[][][][][][][][][][]|[][][][][][][][][][][][][][][][][][][][][][][][][][][][][]
[][][][][][][][][][][][][][][][][][][][][]|
 []


Underfull \hbox (badness 5490) in paragraph at lines 4016--4042
\OT1/cmr/m/n/10.95 | | | | | Bond length | $\OML/cmm/m/it/10.95 r$ \OT1/cmr/m/n
/10.95 | `^r$' or `[Bb]ond[ -[]][Ll]ength' |
 []


Underfull \hbox (badness 10000) in paragraph at lines 4016--4042
\OT1/cmr/m/n/10.95 |[][][][][][][][][][][][][][][][][][][][][][][][]|[][][][][]
[][][][][][][][][]|[][][][][][][][][][][][][][][][][][][][][][][][][][][][][][]
[][][][][][][][][][][][][][][][][][][][]|
 []


Underfull \hbox (badness 10000) in paragraph at lines 4016--4042
\OT1/cmr/m/n/10.95 | | | | | $\OML/cmm/m/it/10.95 CSA$ \OT1/cmr/m/n/10.95 | csa
 | `^[Cc][Ss][Aa]$' |
 []

[107]
Underfull \hbox (badness 10000) in paragraph at lines 4078--4089
[]\OT1/cmr/m/n/10.95 | J(wX) | jwx | `^[Jj]w[Xx]$' or `[Jj](w[Xx])' |
 []


Underfull \hbox (badness 10000) in paragraph at lines 4078--4089
\OT1/cmr/m/n/10.95 |[][][][][][][][][][][][][][][][][][][][][][][][]|[][][][][]
[][][][][][][][][]|[][][][][][][][][][][][][][][][][][][][][][][][][][][][][][]
[][][][][][][][][][][][][][][][][][][][]|
 []


Underfull \hbox (badness 10000) in paragraph at lines 4078--4089
\OT1/cmr/m/n/10.95 | | | | | J(wH) | jwh | `^[Jj]w[Hh]$' or `[Jj](w[Hh])' |
 []


Underfull \hbox (badness 10000) in paragraph at lines 4078--4089
\OT1/cmr/m/n/10.95 |[][][][][][][][][][][][][][][][][][][][][][][][]|[][][][][]
[][][][][][][][][]|[][][][][][][][][][][][][][][][][][][][][][][][][][][][][][]
[][][][][][][][][][][][][][][][][][][][]|
 []


Underfull \hbox (badness 5490) in paragraph at lines 4078--4089
\OT1/cmr/m/n/10.95 | | | | | Bond length | $\OML/cmm/m/it/10.95 r$ \OT1/cmr/m/n
/10.95 | `^r$' or `[Bb]ond[ -[]][Ll]ength' |
 []


Underfull \hbox (badness 10000) in paragraph at lines 4078--4089
\OT1/cmr/m/n/10.95 |[][][][][][][][][][][][][][][][][][][][][][][][]|[][][][][]
[][][][][][][][][]|[][][][][][][][][][][][][][][][][][][][][][][][][][][][][][]
[][][][][][][][][][][][][][][][][][][][]|
 []


Underfull \hbox (badness 10000) in paragraph at lines 4078--4089
\OT1/cmr/m/n/10.95 | | | | | $\OML/cmm/m/it/10.95 CSA$ \OT1/cmr/m/n/10.95 | csa
 | `^[Cc][Ss][Aa]$' |
 []

[108]
Overfull \hbox (152.96356pt too wide) in paragraph at lines 4148--4175
[]\OT1/cmr/m/n/10.95 | 1 | None | In-valid com-bi-na-tion. | |[][][][][][][]|[]
[][][][][][]|[][][][][][][][][][][][][][][][][][][][][][][][][][][][][][][][][]
[][][][][][][][][][][][][][][][][][][][][][][][][][][][][][][][][][][][][][][][
][]|
 []


Underfull \hbox (badness 1052) in paragraph at lines 4148--4175
\OT1/cmr/m/n/10.95 | | | | | n | None | This case is used to set the model pa-r
am-e-ters
 []


Underfull \hbox (badness 10000) in paragraph at lines 4148--4175
\OT1/cmr/m/n/10.95 | |[][][][][][][]|[][][][][][][]|[][][][][][][][][][][][][][
][][][][][][][][][][][][][][][][][][][][][][][][][][][][][][][][][][][][][][][]
[][][][][][][][][][][][][][][][][][][][][]|
 []


Underfull \hbox (badness 10000) in paragraph at lines 4148--4175
\OT1/cmr/m/n/10.95 | | | | | n | 1 | In-valid com-bi-na-tion. |
 []

[109] [110]
Overfull \hbox (166.62067pt too wide) in paragraph at lines 4278--4304
[]\OT1/cmr/m/n/10.95 | Or-der pa-ram-e-ter $\OML/cmm/m/it/10.95 S[]$ \OT1/cmr/m
/n/10.95 | s2 | `^[Ss]2$' | |[][][][][][][][][][][][][][][][][][][][][][][][]|[
][][][][][][][][][][][][][]|[][][][][][][][][][][][][][][][][][][][][][][][][][
][][][][][][][][][][][][][][][][][][][][][][][][]|
 []


Underfull \hbox (badness 10000) in paragraph at lines 4278--4304
\OT1/cmr/m/n/10.95 | | | | | Or-der pa-ram-e-ter $\OML/cmm/m/it/10.95 S[]$ \OT1
/cmr/m/n/10.95 | s2f | `^[Ss]2f$' |
 []


Underfull \hbox (badness 10000) in paragraph at lines 4278--4304
\OT1/cmr/m/n/10.95 |[][][][][][][][][][][][][][][][][][][][][][][][]|[][][][][]
[][][][][][][][][]|[][][][][][][][][][][][][][][][][][][][][][][][][][][][][][]
[][][][][][][][][][][][][][][][][][][][]|
 []


Underfull \hbox (badness 10000) in paragraph at lines 4278--4304
\OT1/cmr/m/n/10.95 | | | | | Or-der pa-ram-e-ter $\OML/cmm/m/it/10.95 S[]$ \OT1
/cmr/m/n/10.95 | s2s | `^[Ss]2s$' |
 []


Underfull \hbox (badness 10000) in paragraph at lines 4278--4304
\OT1/cmr/m/n/10.95 |[][][][][][][][][][][][][][][][][][][][][][][][]|[][][][][]
[][][][][][][][][]|[][][][][][][][][][][][][][][][][][][][][][][][][][][][][][]
[][][][][][][][][][][][][][][][][][][][]|
 []


Underfull \hbox (badness 10000) in paragraph at lines 4278--4304
\OT1/cmr/m/n/10.95 | | | | | Cor-re-la-tion time $\OML/cmm/m/it/10.95 ^^\[]$ \O
T1/cmr/m/n/10.95 | $\OML/cmm/m/it/10.95 ^^\[]$ \OT1/cmr/m/n/10.95 | `^te$' |
 []


Underfull \hbox (badness 10000) in paragraph at lines 4278--4304
\OT1/cmr/m/n/10.95 |[][][][][][][][][][][][][][][][][][][][][][][][]|[][][][][]
[][][][][][][][][]|[][][][][][][][][][][][][][][][][][][][][][][][][][][][][][]
[][][][][][][][][][][][][][][][][][][][]|
 []


Underfull \hbox (badness 10000) in paragraph at lines 4278--4304
\OT1/cmr/m/n/10.95 | | | | | Cor-re-la-tion time $\OML/cmm/m/it/10.95 ^^\[]$ \O
T1/cmr/m/n/10.95 | $\OML/cmm/m/it/10.95 ^^\[]$ \OT1/cmr/m/n/10.95 | `^tf$' |
 []


Underfull \hbox (badness 10000) in paragraph at lines 4278--4304
\OT1/cmr/m/n/10.95 |[][][][][][][][][][][][][][][][][][][][][][][][]|[][][][][]
[][][][][][][][][]|[][][][][][][][][][][][][][][][][][][][][][][][][][][][][][]
[][][][][][][][][][][][][][][][][][][][]|
 []


Underfull \hbox (badness 10000) in paragraph at lines 4278--4304
\OT1/cmr/m/n/10.95 | | | | | Cor-re-la-tion time $\OML/cmm/m/it/10.95 ^^\[]$ \O
T1/cmr/m/n/10.95 | $\OML/cmm/m/it/10.95 ^^\[]$ \OT1/cmr/m/n/10.95 | `^ts$' |
 []


Underfull \hbox (badness 10000) in paragraph at lines 4278--4304
\OT1/cmr/m/n/10.95 |[][][][][][][][][][][][][][][][][][][][][][][][]|[][][][][]
[][][][][][][][][]|[][][][][][][][][][][][][][][][][][][][][][][][][][][][][][]
[][][][][][][][][][][][][][][][][][][][]| |
 []


Underfull \hbox (badness 10000) in paragraph at lines 4278--4304
\OT1/cmr/m/n/10.95 | |[][][][][][][][][][][][][][][][][][][][][][][][]|[][][][]
[][][][][][][][][][]|[][][][][][][][][][][][][][][][][][][][][][][][][][][][][]
[][][][][][][][][][][][][][][][][][][][][]|
 []


Underfull \hbox (badness 5490) in paragraph at lines 4278--4304
\OT1/cmr/m/n/10.95 | | | | | Bond length | $\OML/cmm/m/it/10.95 r$ \OT1/cmr/m/n
/10.95 | `^r$' or `[Bb]ond[ -[]][Ll]ength' |
 []


Underfull \hbox (badness 10000) in paragraph at lines 4278--4304
\OT1/cmr/m/n/10.95 |[][][][][][][][][][][][][][][][][][][][][][][][]|[][][][][]
[][][][][][][][][]|[][][][][][][][][][][][][][][][][][][][][][][][][][][][][][]
[][][][][][][][][][][][][][][][][][][][]|
 []


Underfull \hbox (badness 10000) in paragraph at lines 4278--4304
\OT1/cmr/m/n/10.95 | | | | | $\OML/cmm/m/it/10.95 CSA$ \OT1/cmr/m/n/10.95 | csa
 | `^[Cc][Ss][Aa]$' |
 []

[111]
Underfull \hbox (badness 10000) in paragraph at lines 4339--4359
[]\OT1/cmr/m/n/10.95 | Or-der pa-ram-e-ters $\OML/cmm/m/it/10.95 S[]$\OT1/cmr/m
/n/10.95 , $\OML/cmm/m/it/10.95 S[]$\OT1/cmr/m/n/10.95 , and $\OML/cmm/m/it/10.
95 S[]$ \OT1/cmr/m/n/10.95 | s2, s2f, s2s | 0.8 |
 []


Underfull \hbox (badness 10000) in paragraph at lines 4339--4359
\OT1/cmr/m/n/10.95 |[][][][][][][][][][][][][][][][][][][][][][][][][][][][][][
][][][][][][][][][]|[][][][][][][][][][][][][][]|[][][][][][][][][][][][][][][]
[][][][][][][][][][][][][][][]|
 []


Underfull \hbox (badness 10000) in paragraph at lines 4339--4359
\OT1/cmr/m/n/10.95 | | | | | Cor-re-la-tion time $\OML/cmm/m/it/10.95 ^^\[]$ \O
T1/cmr/m/n/10.95 | $\OML/cmm/m/it/10.95 ^^\[]$ \OT1/cmr/m/n/10.95 | 100 * 1e-12
 |
 []


Underfull \hbox (badness 10000) in paragraph at lines 4339--4359
\OT1/cmr/m/n/10.95 |[][][][][][][][][][][][][][][][][][][][][][][][][][][][][][
][][][][][][][][][]|[][][][][][][][][][][][][][]|[][][][][][][][][][][][][][][]
[][][][][][][][][][][][][][][]|
 []


Underfull \hbox (badness 10000) in paragraph at lines 4339--4359
\OT1/cmr/m/n/10.95 | | | | | Cor-re-la-tion time $\OML/cmm/m/it/10.95 ^^\[]$ \O
T1/cmr/m/n/10.95 | $\OML/cmm/m/it/10.95 ^^\[]$ \OT1/cmr/m/n/10.95 | 10 * 1e-12 
|
 []


Underfull \hbox (badness 10000) in paragraph at lines 4339--4359
\OT1/cmr/m/n/10.95 |[][][][][][][][][][][][][][][][][][][][][][][][][][][][][][
][][][][][][][][][]|[][][][][][][][][][][][][][]|[][][][][][][][][][][][][][][]
[][][][][][][][][][][][][][][]|
 []


Underfull \hbox (badness 10000) in paragraph at lines 4339--4359
\OT1/cmr/m/n/10.95 | | | | | Cor-re-la-tion time $\OML/cmm/m/it/10.95 ^^\[]$ \O
T1/cmr/m/n/10.95 | $\OML/cmm/m/it/10.95 ^^\[]$ \OT1/cmr/m/n/10.95 | 1000 * 1e-1
2 |
 []


Underfull \hbox (badness 10000) in paragraph at lines 4339--4359
\OT1/cmr/m/n/10.95 |[][][][][][][][][][][][][][][][][][][][][][][][][][][][][][
][][][][][][][][][]|[][][][][][][][][][][][][][]|[][][][][][][][][][][][][][][]
[][][][][][][][][][][][][][][]|
 []


Underfull \hbox (badness 10000) in paragraph at lines 4339--4359
\OT1/cmr/m/n/10.95 | | | | | Chem-i-cal ex-change re-lax-ation | rex | 0.0 |
 []


Underfull \hbox (badness 10000) in paragraph at lines 4339--4359
\OT1/cmr/m/n/10.95 |[][][][][][][][][][][][][][][][][][][][][][][][][][][][][][
][][][][][][][][][]|[][][][][][][][][][][][][][]|[][][][][][][][][][][][][][][]
[][][][][][][][][][][][][][][]|
 []


Underfull \hbox (badness 10000) in paragraph at lines 4339--4359
\OT1/cmr/m/n/10.95 | | | | | Bond length | $\OML/cmm/m/it/10.95 r$ \OT1/cmr/m/n
/10.95 | 1.02 * 1e-10 |
 []


Underfull \hbox (badness 10000) in paragraph at lines 4339--4359
\OT1/cmr/m/n/10.95 |[][][][][][][][][][][][][][][][][][][][][][][][][][][][][][
][][][][][][][][][]|[][][][][][][][][][][][][][]|[][][][][][][][][][][][][][][]
[][][][][][][][][][][][][][][]|
 []


Underfull \hbox (badness 10000) in paragraph at lines 4339--4359
\OT1/cmr/m/n/10.95 | | | | | $\OML/cmm/m/it/10.95 CSA$ \OT1/cmr/m/n/10.95 | csa
 | -170 * 1e-6 |
 []


Underfull \hbox (badness 10000) in paragraph at lines 4377--4388
[]\OT1/cmr/m/n/10.95 | J(wX) | jwx | `^[Jj]w[Xx]$' or `[Jj](w[Xx])' |
 []


Underfull \hbox (badness 10000) in paragraph at lines 4377--4388
\OT1/cmr/m/n/10.95 |[][][][][][][][][][][][][][][][][][][][][][][][]|[][][][][]
[][][][][][][][][]|[][][][][][][][][][][][][][][][][][][][][][][][][][][][][][]
[][][][][][][][][][][][][][][][][][][][]|
 []


Underfull \hbox (badness 10000) in paragraph at lines 4377--4388
\OT1/cmr/m/n/10.95 | | | | | J(wH) | jwh | `^[Jj]w[Hh]$' or `[Jj](w[Hh])' |
 []


Underfull \hbox (badness 10000) in paragraph at lines 4377--4388
\OT1/cmr/m/n/10.95 |[][][][][][][][][][][][][][][][][][][][][][][][]|[][][][][]
[][][][][][][][][]|[][][][][][][][][][][][][][][][][][][][][][][][][][][][][][]
[][][][][][][][][][][][][][][][][][][][]|
 []


Underfull \hbox (badness 5490) in paragraph at lines 4377--4388
\OT1/cmr/m/n/10.95 | | | | | Bond length | $\OML/cmm/m/it/10.95 r$ \OT1/cmr/m/n
/10.95 | `^r$' or `[Bb]ond[ -[]][Ll]ength' |
 []


Underfull \hbox (badness 10000) in paragraph at lines 4377--4388
\OT1/cmr/m/n/10.95 |[][][][][][][][][][][][][][][][][][][][][][][][]|[][][][][]
[][][][][][][][][]|[][][][][][][][][][][][][][][][][][][][][][][][][][][][][][]
[][][][][][][][][][][][][][][][][][][][]|
 []


Underfull \hbox (badness 10000) in paragraph at lines 4377--4388
\OT1/cmr/m/n/10.95 | | | | | $\OML/cmm/m/it/10.95 CSA$ \OT1/cmr/m/n/10.95 | csa
 | `^[Cc][Ss][Aa]$' |
 []

[112]
Overfull \hbox (93.09987pt too wide) in paragraph at lines 4412--4414
[]\OT1/cmr/m/n/10.95 | $\OML/cmm/m/it/10.95 CSA$ \OT1/cmr/m/n/10.95 | csa | -17
0 * 1e-6 | |[][][][][][][][][][][][][][][][][][][][][][][][][][][][][][][][][][
][][][][][]|[][][][][][][][][][][][][][]|[][][][][][][][][][][][][][][][][][][]
[][][][][][][][][][][]| 
 []

[113] [114]
Overfull \hbox (166.62067pt too wide) in paragraph at lines 4504--4530
[]\OT1/cmr/m/n/10.95 | Or-der pa-ram-e-ter $\OML/cmm/m/it/10.95 S[]$ \OT1/cmr/m
/n/10.95 | s2 | `^[Ss]2$' | |[][][][][][][][][][][][][][][][][][][][][][][][]|[
][][][][][][][][][][][][][]|[][][][][][][][][][][][][][][][][][][][][][][][][][
][][][][][][][][][][][][][][][][][][][][][][][][]|
 []


Underfull \hbox (badness 10000) in paragraph at lines 4504--4530
\OT1/cmr/m/n/10.95 | | | | | Or-der pa-ram-e-ter $\OML/cmm/m/it/10.95 S[]$ \OT1
/cmr/m/n/10.95 | s2f | `^[Ss]2f$' |
 []


Underfull \hbox (badness 10000) in paragraph at lines 4504--4530
\OT1/cmr/m/n/10.95 |[][][][][][][][][][][][][][][][][][][][][][][][]|[][][][][]
[][][][][][][][][]|[][][][][][][][][][][][][][][][][][][][][][][][][][][][][][]
[][][][][][][][][][][][][][][][][][][][]|
 []


Underfull \hbox (badness 10000) in paragraph at lines 4504--4530
\OT1/cmr/m/n/10.95 | | | | | Or-der pa-ram-e-ter $\OML/cmm/m/it/10.95 S[]$ \OT1
/cmr/m/n/10.95 | s2s | `^[Ss]2s$' |
 []


Underfull \hbox (badness 10000) in paragraph at lines 4504--4530
\OT1/cmr/m/n/10.95 |[][][][][][][][][][][][][][][][][][][][][][][][]|[][][][][]
[][][][][][][][][]|[][][][][][][][][][][][][][][][][][][][][][][][][][][][][][]
[][][][][][][][][][][][][][][][][][][][]|
 []


Underfull \hbox (badness 10000) in paragraph at lines 4504--4530
\OT1/cmr/m/n/10.95 | | | | | Cor-re-la-tion time $\OML/cmm/m/it/10.95 ^^\[]$ \O
T1/cmr/m/n/10.95 | $\OML/cmm/m/it/10.95 ^^\[]$ \OT1/cmr/m/n/10.95 | `^te$' |
 []


Underfull \hbox (badness 10000) in paragraph at lines 4504--4530
\OT1/cmr/m/n/10.95 |[][][][][][][][][][][][][][][][][][][][][][][][]|[][][][][]
[][][][][][][][][]|[][][][][][][][][][][][][][][][][][][][][][][][][][][][][][]
[][][][][][][][][][][][][][][][][][][][]|
 []


Underfull \hbox (badness 10000) in paragraph at lines 4504--4530
\OT1/cmr/m/n/10.95 | | | | | Cor-re-la-tion time $\OML/cmm/m/it/10.95 ^^\[]$ \O
T1/cmr/m/n/10.95 | $\OML/cmm/m/it/10.95 ^^\[]$ \OT1/cmr/m/n/10.95 | `^tf$' |
 []


Underfull \hbox (badness 10000) in paragraph at lines 4504--4530
\OT1/cmr/m/n/10.95 |[][][][][][][][][][][][][][][][][][][][][][][][]|[][][][][]
[][][][][][][][][]|[][][][][][][][][][][][][][][][][][][][][][][][][][][][][][]
[][][][][][][][][][][][][][][][][][][][]|
 []


Underfull \hbox (badness 10000) in paragraph at lines 4504--4530
\OT1/cmr/m/n/10.95 | | | | | Cor-re-la-tion time $\OML/cmm/m/it/10.95 ^^\[]$ \O
T1/cmr/m/n/10.95 | $\OML/cmm/m/it/10.95 ^^\[]$ \OT1/cmr/m/n/10.95 | `^ts$' |
 []


Underfull \hbox (badness 10000) in paragraph at lines 4504--4530
\OT1/cmr/m/n/10.95 |[][][][][][][][][][][][][][][][][][][][][][][][]|[][][][][]
[][][][][][][][][]|[][][][][][][][][][][][][][][][][][][][][][][][][][][][][][]
[][][][][][][][][][][][][][][][][][][][]| |
 []


Underfull \hbox (badness 10000) in paragraph at lines 4504--4530
\OT1/cmr/m/n/10.95 | |[][][][][][][][][][][][][][][][][][][][][][][][]|[][][][]
[][][][][][][][][][]|[][][][][][][][][][][][][][][][][][][][][][][][][][][][][]
[][][][][][][][][][][][][][][][][][][][][]|
 []


Underfull \hbox (badness 5490) in paragraph at lines 4504--4530
\OT1/cmr/m/n/10.95 | | | | | Bond length | $\OML/cmm/m/it/10.95 r$ \OT1/cmr/m/n
/10.95 | `^r$' or `[Bb]ond[ -[]][Ll]ength' |
 []


Underfull \hbox (badness 10000) in paragraph at lines 4504--4530
\OT1/cmr/m/n/10.95 |[][][][][][][][][][][][][][][][][][][][][][][][]|[][][][][]
[][][][][][][][][]|[][][][][][][][][][][][][][][][][][][][][][][][][][][][][][]
[][][][][][][][][][][][][][][][][][][][]|
 []


Underfull \hbox (badness 10000) in paragraph at lines 4504--4530
\OT1/cmr/m/n/10.95 | | | | | $\OML/cmm/m/it/10.95 CSA$ \OT1/cmr/m/n/10.95 | csa
 | `^[Cc][Ss][Aa]$' |
 []


Underfull \hbox (badness 10000) in paragraph at lines 4548--4559
[]\OT1/cmr/m/n/10.95 | J(wX) | jwx | `^[Jj]w[Xx]$' or `[Jj](w[Xx])' |
 []


Underfull \hbox (badness 10000) in paragraph at lines 4548--4559
\OT1/cmr/m/n/10.95 |[][][][][][][][][][][][][][][][][][][][][][][][]|[][][][][]
[][][][][][][][][]|[][][][][][][][][][][][][][][][][][][][][][][][][][][][][][]
[][][][][][][][][][][][][][][][][][][][]|
 []


Underfull \hbox (badness 10000) in paragraph at lines 4548--4559
\OT1/cmr/m/n/10.95 | | | | | J(wH) | jwh | `^[Jj]w[Hh]$' or `[Jj](w[Hh])' |
 []


Underfull \hbox (badness 10000) in paragraph at lines 4548--4559
\OT1/cmr/m/n/10.95 |[][][][][][][][][][][][][][][][][][][][][][][][]|[][][][][]
[][][][][][][][][]|[][][][][][][][][][][][][][][][][][][][][][][][][][][][][][]
[][][][][][][][][][][][][][][][][][][][]|
 []


Underfull \hbox (badness 5490) in paragraph at lines 4548--4559
\OT1/cmr/m/n/10.95 | | | | | Bond length | $\OML/cmm/m/it/10.95 r$ \OT1/cmr/m/n
/10.95 | `^r$' or `[Bb]ond[ -[]][Ll]ength' |
 []


Underfull \hbox (badness 10000) in paragraph at lines 4548--4559
\OT1/cmr/m/n/10.95 |[][][][][][][][][][][][][][][][][][][][][][][][]|[][][][][]
[][][][][][][][][]|[][][][][][][][][][][][][][][][][][][][][][][][][][][][][][]
[][][][][][][][][][][][][][][][][][][][]|
 []


Underfull \hbox (badness 10000) in paragraph at lines 4548--4559
\OT1/cmr/m/n/10.95 | | | | | $\OML/cmm/m/it/10.95 CSA$ \OT1/cmr/m/n/10.95 | csa
 | `^[Cc][Ss][Aa]$' |
 []

[115]
Underfull \hbox (badness 10000) in paragraph at lines 4577--4582
[]\OT1/cmr/m/n/10.95 | Sat-u-rated in-ten-sity | sat | `^[Ss]at$' or `[Ss]at[ -
[]][Ii]nt' |
 []


Underfull \hbox (badness 10000) in paragraph at lines 4577--4582
\OT1/cmr/m/n/10.95 |[][][][][][][][][][][][][][][][][][][][][][][][]|[][][][][]
[][][][][][][][][]|[][][][][][][][][][][][][][][][][][][][][][][][][][][][][][]
[][][][][][][][][][][][][][][][][][][][]|
 []


Underfull \hbox (badness 10000) in paragraph at lines 4577--4582
\OT1/cmr/m/n/10.95 | | | | | NOE | noe | `^[Nn][Oo][Ee]$' |
 []

[116]) [117] (./relax.aux) ) 
Here is how much of TeX's memory you used:
 1301 strings out of 95756
 14606 string characters out of 1190795
 88446 words of memory out of 1000001
 4301 multiletter control sequences out of 10000+50000
 12077 words of font info for 44 fonts, out of 500000 for 1000
 26 hyphenation exceptions out of 1000
 27i,7n,22p,1020b,271s stack positions out of 3000i,1500n,5000p,200000b,15000s

Output written on relax.dvi (117 pages, 365336 bytes).
